<?xml version="1.0" encoding="UTF-8"?>
<!-- Generated by org.testng.reporters.JUnitXMLReporter -->
<testsuite hostname="EN911232" ignored="0" name="Tests" tests="4" failures="0" timestamp="2021-03-15T05:03:09 COT" time="56.339" errors="0">
  <testcase name="browseCategory" time="3.548" classname="endava.UI_Tests"/>
  <testcase name="filterPrice" time="8.755" classname="endava.UI_Tests"/>
  <testcase name="highToLow" time="6.061" classname="endava.UI_Tests"/>
  <testcase name="searchItem" time="7.368" classname="endava.UI_Tests"/>
</testsuite> <!-- Tests -->
